<?xml version="1.0" encoding="UTF-8"?>
<testsuite xmlns:xsi="http://www.w3.org/2001/XMLSchema-instance" xsi:noNamespaceSchemaLocation="https://maven.apache.org/surefire/maven-surefire-plugin/xsd/surefire-test-report.xsd" name="MySQLAdapterTest" time="1.67" tests="7" errors="0" skipped="0" failures="0">
  <properties>
[...]
</properties>
  <testcase name="getChatMembers" classname="MySQLAdapterTest" time="0.428"/>
  <testcase name="addChatMessage" classname="MySQLAdapterTest" time="1.043"/>
  <testcase name="createDeleteChat" classname="MySQLAdapterTest" time="0.069"/>
  <testcase name="addRemoveChatMember" classname="MySQLAdapterTest" time="0.018"/>
  <testcase name="createUserAndGetPassword" classname="MySQLAdapterTest" time="0.018"/>
  <testcase name="getChats" classname="MySQLAdapterTest" time="0.016"/>
  <testcase name="getChatMessages" classname="MySQLAdapterTest" time="0.006"/>
</testsuite>